<?xml version="1.0" encoding="UTF-8"?>
<coverage generated="1760999659864" clover="3.2.0">
  <project timestamp="1760999659864" name="All files">
    <metrics statements="18" coveredstatements="18" conditionals="10" coveredconditionals="10" methods="6" coveredmethods="6" elements="34" coveredelements="34" complexity="0" loc="18" ncloc="18" packages="1" files="1" classes="1"/>
    <file name="validateCpf.ts" path="C:\Users\joaop\Desktop\CursoBranas\src\validateCpf.ts">
      <metrics statements="18" coveredstatements="18" conditionals="10" coveredconditionals="10" methods="6" coveredmethods="6"/>
      <line num="1" count="1" type="stmt"/>
      <line num="3" count="1" type="stmt"/>
      <line num="4" count="8" type="cond" truecount="2" falsecount="0"/>
      <line num="5" count="6" type="stmt"/>
      <line num="6" count="6" type="cond" truecount="2" falsecount="0"/>
      <line num="7" count="4" type="cond" truecount="2" falsecount="0"/>
      <line num="8" count="3" type="stmt"/>
      <line num="9" count="3" type="stmt"/>
      <line num="10" count="3" type="stmt"/>
      <line num="14" count="6" type="stmt"/>
      <line num="18" count="4" type="stmt"/>
      <line num="19" count="17" type="stmt"/>
      <line num="23" count="6" type="stmt"/>
      <line num="24" count="6" type="stmt"/>
      <line num="25" count="66" type="cond" truecount="2" falsecount="0"/>
      <line num="27" count="6" type="stmt"/>
      <line num="28" count="6" type="cond" truecount="2" falsecount="0"/>
      <line num="32" count="3" type="stmt"/>
    </file>
  </project>
</coverage>
