{"/app/src/validateCpf.ts": {"path":"/app/src/validateCpf.ts","statementMap":{"0":{"start":{"line":1,"column":0},"end":{"line":1,"column":16}},"1":{"start":{"line":2,"column":1},"end":{"line":59,"column":21}},"2":{"start":{"line":3,"column":2},"end":{"line":58,"column":22}},"3":{"start":{"line":4,"column":3},"end":{"line":57,"column":22}},"4":{"start":{"line":6,"column":4},"end":{"line":10,"column":22}},"5":{"start":{"line":12,"column":4},"end":{"line":55,"column":24}},"6":{"start":{"line":12,"column":34},"end":{"line":12,"column":46}},"7":{"start":{"line":13,"column":5},"end":{"line":54,"column":6}},"8":{"start":{"line":18,"column":6},"end":{"line":18,"column":18}},"9":{"start":{"line":19,"column":6},"end":{"line":19,"column":27}},"10":{"start":{"line":21,"column":6},"end":{"line":31,"column":7}},"11":{"start":{"line":21,"column":24},"end":{"line":21,"column":25}},"12":{"start":{"line":26,"column":8},"end":{"line":26,"column":60}},"13":{"start":{"line":27,"column":8},"end":{"line":27,"column":43}},"14":{"start":{"line":29,"column":8},"end":{"line":29,"column":43}},"15":{"start":{"line":33,"column":6},"end":{"line":33,"column":23}},"16":{"start":{"line":36,"column":6},"end":{"line":36,"column":45}},"17":{"start":{"line":37,"column":6},"end":{"line":37,"column":20}},"18":{"start":{"line":38,"column":6},"end":{"line":38,"column":23}},"19":{"start":{"line":39,"column":6},"end":{"line":42,"column":23}},"20":{"start":{"line":40,"column":7},"end":{"line":40,"column":15}},"21":{"start":{"line":42,"column":7},"end":{"line":42,"column":23}},"22":{"start":{"line":44,"column":25},"end":{"line":44,"column":64}},"23":{"start":{"line":45,"column":6},"end":{"line":45,"column":39}},"24":{"start":{"line":47,"column":6},"end":{"line":47,"column":39}},"25":{"start":{"line":51,"column":6},"end":{"line":51,"column":32}},"26":{"start":{"line":53,"column":6},"end":{"line":53,"column":19}},"27":{"start":{"line":55,"column":11},"end":{"line":55,"column":24}},"28":{"start":{"line":57,"column":9},"end":{"line":57,"column":22}},"29":{"start":{"line":58,"column":9},"end":{"line":58,"column":22}},"30":{"start":{"line":59,"column":8},"end":{"line":59,"column":21}}},"fnMap":{"0":{"name":"validateCpf","decl":{"start":{"line":1,"column":16},"end":{"line":1,"column":27}},"loc":{"start":{"line":1,"column":40},"end":{"line":60,"column":1}}},"1":{"name":"(anonymous_1)","decl":{"start":{"line":12,"column":29},"end":{"line":12,"column":30}},"loc":{"start":{"line":12,"column":34},"end":{"line":12,"column":46}}}},"branchMap":{"0":{"loc":{"start":{"line":2,"column":1},"end":{"line":59,"column":21}},"type":"if","locations":[{"start":{"line":2,"column":1},"end":{"line":59,"column":21}},{"start":{"line":59,"column":8},"end":{"line":59,"column":21}}]},"1":{"loc":{"start":{"line":3,"column":2},"end":{"line":58,"column":22}},"type":"if","locations":[{"start":{"line":3,"column":2},"end":{"line":58,"column":22}},{"start":{"line":58,"column":9},"end":{"line":58,"column":22}}]},"2":{"loc":{"start":{"line":4,"column":3},"end":{"line":57,"column":22}},"type":"if","locations":[{"start":{"line":4,"column":3},"end":{"line":57,"column":22}},{"start":{"line":57,"column":9},"end":{"line":57,"column":22}}]},"3":{"loc":{"start":{"line":4,"column":7},"end":{"line":4,"column":43}},"type":"binary-expr","locations":[{"start":{"line":4,"column":7},"end":{"line":4,"column":23}},{"start":{"line":4,"column":27},"end":{"line":4,"column":43}}]},"4":{"loc":{"start":{"line":12,"column":4},"end":{"line":55,"column":24}},"type":"if","locations":[{"start":{"line":12,"column":4},"end":{"line":55,"column":24}},{"start":{"line":55,"column":11},"end":{"line":55,"column":24}}]},"5":{"loc":{"start":{"line":36,"column":12},"end":{"line":36,"column":44}},"type":"cond-expr","locations":[{"start":{"line":36,"column":25},"end":{"line":36,"column":32}},{"start":{"line":36,"column":35},"end":{"line":36,"column":44}}]},"6":{"loc":{"start":{"line":39,"column":6},"end":{"line":42,"column":23}},"type":"if","locations":[{"start":{"line":39,"column":6},"end":{"line":42,"column":23}},{"start":{"line":42,"column":7},"end":{"line":42,"column":23}}]}},"s":{"0":1,"1":1,"2":1,"3":1,"4":1,"5":1,"6":2,"7":1,"8":1,"9":1,"10":1,"11":1,"12":9,"13":9,"14":9,"15":1,"16":1,"17":1,"18":1,"19":1,"20":1,"21":0,"22":1,"23":1,"24":1,"25":0,"26":0,"27":0,"28":0,"29":0,"30":0},"f":{"0":1,"1":2},"b":{"0":[1,0],"1":[1,0],"2":[1,0],"3":[1,1],"4":[1,0],"5":[0,1],"6":[1,0]}}
}
