{"C:\\Users\\joaop\\Desktop\\CursoBranas\\src\\validateCpf.ts": {"path":"C:\\Users\\joaop\\Desktop\\CursoBranas\\src\\validateCpf.ts","statementMap":{"0":{"start":{"line":3,"column":0},"end":{"line":3,"column":16}},"1":{"start":{"line":1,"column":21},"end":{"line":1,"column":23}},"2":{"start":{"line":4,"column":1},"end":{"line":4,"column":24}},"3":{"start":{"line":4,"column":11},"end":{"line":4,"column":24}},"4":{"start":{"line":5,"column":1},"end":{"line":5,"column":18}},"5":{"start":{"line":6,"column":1},"end":{"line":6,"column":47}},"6":{"start":{"line":6,"column":34},"end":{"line":6,"column":47}},"7":{"start":{"line":7,"column":1},"end":{"line":7,"column":41}},"8":{"start":{"line":7,"column":28},"end":{"line":7,"column":41}},"9":{"start":{"line":8,"column":13},"end":{"line":8,"column":36}},"10":{"start":{"line":9,"column":13},"end":{"line":9,"column":36}},"11":{"start":{"line":10,"column":1},"end":{"line":10,"column":50}},"12":{"start":{"line":14,"column":1},"end":{"line":14,"column":31}},"13":{"start":{"line":18,"column":22},"end":{"line":18,"column":25}},"14":{"start":{"line":19,"column":1},"end":{"line":19,"column":54}},"15":{"start":{"line":19,"column":32},"end":{"line":19,"column":52}},"16":{"start":{"line":23,"column":13},"end":{"line":23,"column":14}},"17":{"start":{"line":24,"column":1},"end":{"line":26,"column":2}},"18":{"start":{"line":25,"column":2},"end":{"line":25,"column":54}},"19":{"start":{"line":25,"column":18},"end":{"line":25,"column":54}},"20":{"start":{"line":27,"column":14},"end":{"line":27,"column":22}},"21":{"start":{"line":28,"column":1},"end":{"line":28,"column":36}},"22":{"start":{"line":32,"column":1},"end":{"line":32,"column":21}}},"fnMap":{"0":{"name":"validateCpf","decl":{"start":{"line":3,"column":16},"end":{"line":3,"column":27}},"loc":{"start":{"line":3,"column":40},"end":{"line":11,"column":1}}},"1":{"name":"clean","decl":{"start":{"line":13,"column":9},"end":{"line":13,"column":14}},"loc":{"start":{"line":13,"column":27},"end":{"line":15,"column":1}}},"2":{"name":"allDigitsTheSame","decl":{"start":{"line":17,"column":9},"end":{"line":17,"column":25}},"loc":{"start":{"line":17,"column":37},"end":{"line":20,"column":1}}},"3":{"name":"(anonymous_3)","decl":{"start":{"line":19,"column":23},"end":{"line":19,"column":28}},"loc":{"start":{"line":19,"column":32},"end":{"line":19,"column":52}}},"4":{"name":"calculateDigit","decl":{"start":{"line":22,"column":9},"end":{"line":22,"column":23}},"loc":{"start":{"line":22,"column":52},"end":{"line":29,"column":1}}},"5":{"name":"extractCheckDigits","decl":{"start":{"line":31,"column":9},"end":{"line":31,"column":27}},"loc":{"start":{"line":31,"column":40},"end":{"line":33,"column":1}}}},"branchMap":{"0":{"loc":{"start":{"line":4,"column":1},"end":{"line":4,"column":24}},"type":"if","locations":[{"start":{"line":4,"column":1},"end":{"line":4,"column":24}},{"start":{},"end":{}}]},"1":{"loc":{"start":{"line":6,"column":1},"end":{"line":6,"column":47}},"type":"if","locations":[{"start":{"line":6,"column":1},"end":{"line":6,"column":47}},{"start":{},"end":{}}]},"2":{"loc":{"start":{"line":7,"column":1},"end":{"line":7,"column":41}},"type":"if","locations":[{"start":{"line":7,"column":1},"end":{"line":7,"column":41}},{"start":{},"end":{}}]},"3":{"loc":{"start":{"line":25,"column":2},"end":{"line":25,"column":54}},"type":"if","locations":[{"start":{"line":25,"column":2},"end":{"line":25,"column":54}},{"start":{},"end":{}}]},"4":{"loc":{"start":{"line":28,"column":8},"end":{"line":28,"column":35}},"type":"cond-expr","locations":[{"start":{"line":28,"column":22},"end":{"line":28,"column":23}},{"start":{"line":28,"column":26},"end":{"line":28,"column":35}}]}},"s":{"0":1,"1":1,"2":8,"3":2,"4":6,"5":6,"6":2,"7":4,"8":1,"9":3,"10":3,"11":3,"12":6,"13":4,"14":4,"15":17,"16":6,"17":6,"18":66,"19":57,"20":6,"21":6,"22":3},"f":{"0":8,"1":6,"2":4,"3":17,"4":6,"5":3},"b":{"0":[2,6],"1":[2,4],"2":[1,3],"3":[57,9],"4":[3,3]}}
}
