TN:
SF:src\validateCpf.ts
FN:3,validateCpf
FN:13,clean
FN:17,allDigitsTheSame
FN:19,(anonymous_3)
FN:22,calculateDigit
FN:31,extractCheckDigits
FNF:6
FNH:6
FNDA:8,validateCpf
FNDA:6,clean
FNDA:4,allDigitsTheSame
FNDA:17,(anonymous_3)
FNDA:6,calculateDigit
FNDA:3,extractCheckDigits
DA:1,1
DA:3,1
DA:4,8
DA:5,6
DA:6,6
DA:7,4
DA:8,3
DA:9,3
DA:10,3
DA:14,6
DA:18,4
DA:19,17
DA:23,6
DA:24,6
DA:25,66
DA:27,6
DA:28,6
DA:32,3
LF:18
LH:18
BRDA:4,0,0,2
BRDA:4,0,1,6
BRDA:6,1,0,2
BRDA:6,1,1,4
BRDA:7,2,0,1
BRDA:7,2,1,3
BRDA:25,3,0,57
BRDA:25,3,1,9
BRDA:28,4,0,3
BRDA:28,4,1,3
BRF:10
BRH:10
end_of_record
