TN:
SF:src/validateCpf.ts
FN:1,validateCpf
FN:12,(anonymous_1)
FNF:2
FNH:2
FNDA:1,validateCpf
FNDA:2,(anonymous_1)
DA:1,1
DA:2,1
DA:3,1
DA:4,1
DA:6,1
DA:12,2
DA:13,1
DA:18,1
DA:19,1
DA:21,1
DA:26,9
DA:27,9
DA:29,9
DA:33,1
DA:36,1
DA:37,1
DA:38,1
DA:39,1
DA:40,1
DA:42,0
DA:44,1
DA:45,1
DA:47,1
DA:51,0
DA:53,0
DA:55,0
DA:57,0
DA:58,0
DA:59,0
LF:29
LH:22
BRDA:2,0,0,1
BRDA:2,0,1,0
BRDA:3,1,0,1
BRDA:3,1,1,0
BRDA:4,2,0,1
BRDA:4,2,1,0
BRDA:4,3,0,1
BRDA:4,3,1,1
BRDA:12,4,0,1
BRDA:12,4,1,0
BRDA:36,5,0,0
BRDA:36,5,1,1
BRDA:39,6,0,1
BRDA:39,6,1,0
BRF:14
BRH:8
end_of_record
